<?xml version="1.0" encoding="UTF-8"?>
<testsuite xmlns:xsi="http://www.w3.org/2001/XMLSchema-instance" xsi:noNamespaceSchemaLocation="https://maven.apache.org/surefire/maven-surefire-plugin/xsd/surefire-test-report.xsd" name="com.vediosharing.backend.JedisTest" time="3.401" tests="1" errors="0" skipped="0" failures="0">
  <properties>
    <property name="sun.desktop" value="windows"/>
    <property name="awt.toolkit" value="sun.awt.windows.WToolkit"/>
    <property name="file.encoding.pkg" value="sun.io"/>
    <property name="java.specification.version" value="1.8"/>
    <property name="sun.cpu.isalist" value="amd64"/>
    <property name="sun.jnu.encoding" value="GBK"/>
    <property name="java.class.path" value="D:\code\java\vedio_sharing\backend\target\test-classes;D:\code\java\vedio_sharing\backend\target\classes;D:\soft\apache-maven-3.9.1\respository\org\springframework\boot\spring-boot-starter-thymeleaf\2.7.17\spring-boot-starter-thymeleaf-2.7.17.jar;D:\soft\apache-maven-3.9.1\respository\org\springframework\boot\spring-boot-starter\2.7.17\spring-boot-starter-2.7.17.jar;D:\soft\apache-maven-3.9.1\respository\org\springframework\boot\spring-boot\2.7.17\spring-boot-2.7.17.jar;D:\soft\apache-maven-3.9.1\respository\org\springframework\boot\spring-boot-starter-logging\2.7.17\spring-boot-starter-logging-2.7.17.jar;D:\soft\apache-maven-3.9.1\respository\ch\qos\logback\logback-classic\1.2.12\logback-classic-1.2.12.jar;D:\soft\apache-maven-3.9.1\respository\ch\qos\logback\logback-core\1.2.12\logback-core-1.2.12.jar;D:\soft\apache-maven-3.9.1\respository\org\apache\logging\log4j\log4j-to-slf4j\2.17.2\log4j-to-slf4j-2.17.2.jar;D:\soft\apache-maven-3.9.1\respository\org\apache\logging\log4j\log4j-api\2.17.2\log4j-api-2.17.2.jar;D:\soft\apache-maven-3.9.1\respository\org\slf4j\jul-to-slf4j\1.7.36\jul-to-slf4j-1.7.36.jar;D:\soft\apache-maven-3.9.1\respository\jakarta\annotation\jakarta.annotation-api\1.3.5\jakarta.annotation-api-1.3.5.jar;D:\soft\apache-maven-3.9.1\respository\org\yaml\snakeyaml\1.30\snakeyaml-1.30.jar;D:\soft\apache-maven-3.9.1\respository\org\thymeleaf\thymeleaf-spring5\3.0.15.RELEASE\thymeleaf-spring5-3.0.15.RELEASE.jar;D:\soft\apache-maven-3.9.1\respository\org\thymeleaf\thymeleaf\3.0.15.RELEASE\thymeleaf-3.0.15.RELEASE.jar;D:\soft\apache-maven-3.9.1\respository\org\attoparser\attoparser\2.0.5.RELEASE\attoparser-2.0.5.RELEASE.jar;D:\soft\apache-maven-3.9.1\respository\org\unbescape\unbescape\1.1.6.RELEASE\unbescape-1.1.6.RELEASE.jar;D:\soft\apache-maven-3.9.1\respository\org\slf4j\slf4j-api\1.7.36\slf4j-api-1.7.36.jar;D:\soft\apache-maven-3.9.1\respository\org\thymeleaf\extras\thymeleaf-extras-java8time\3.0.4.RELEASE\thymeleaf-extras-java8time-3.0.4.RELEASE.jar;D:\soft\apache-maven-3.9.1\respository\org\springframework\boot\spring-boot-starter-web\2.7.17\spring-boot-starter-web-2.7.17.jar;D:\soft\apache-maven-3.9.1\respository\org\springframework\boot\spring-boot-starter-json\2.7.17\spring-boot-starter-json-2.7.17.jar;D:\soft\apache-maven-3.9.1\respository\com\fasterxml\jackson\datatype\jackson-datatype-jdk8\2.13.5\jackson-datatype-jdk8-2.13.5.jar;D:\soft\apache-maven-3.9.1\respository\com\fasterxml\jackson\datatype\jackson-datatype-jsr310\2.13.5\jackson-datatype-jsr310-2.13.5.jar;D:\soft\apache-maven-3.9.1\respository\com\fasterxml\jackson\module\jackson-module-parameter-names\2.13.5\jackson-module-parameter-names-2.13.5.jar;D:\soft\apache-maven-3.9.1\respository\org\springframework\boot\spring-boot-starter-tomcat\2.7.17\spring-boot-starter-tomcat-2.7.17.jar;D:\soft\apache-maven-3.9.1\respository\org\apache\tomcat\embed\tomcat-embed-core\9.0.82\tomcat-embed-core-9.0.82.jar;D:\soft\apache-maven-3.9.1\respository\org\apache\tomcat\embed\tomcat-embed-el\9.0.82\tomcat-embed-el-9.0.82.jar;D:\soft\apache-maven-3.9.1\respository\org\apache\tomcat\embed\tomcat-embed-websocket\9.0.82\tomcat-embed-websocket-9.0.82.jar;D:\soft\apache-maven-3.9.1\respository\org\springframework\spring-web\5.3.30\spring-web-5.3.30.jar;D:\soft\apache-maven-3.9.1\respository\org\springframework\spring-beans\5.3.30\spring-beans-5.3.30.jar;D:\soft\apache-maven-3.9.1\respository\org\springframework\spring-webmvc\5.3.30\spring-webmvc-5.3.30.jar;D:\soft\apache-maven-3.9.1\respository\org\springframework\spring-context\5.3.30\spring-context-5.3.30.jar;D:\soft\apache-maven-3.9.1\respository\org\springframework\spring-expression\5.3.30\spring-expression-5.3.30.jar;D:\soft\apache-maven-3.9.1\respository\com\github\ben-manes\caffeine\caffeine\2.9.3\caffeine-2.9.3.jar;D:\soft\apache-maven-3.9.1\respository\org\checkerframework\checker-qual\3.19.0\checker-qual-3.19.0.jar;D:\soft\apache-maven-3.9.1\respository\com\google\errorprone\error_prone_annotations\2.10.0\error_prone_annotations-2.10.0.jar;D:\soft\apache-maven-3.9.1\respository\org\springframework\boot\spring-boot-starter-data-mongodb\2.7.17\spring-boot-starter-data-mongodb-2.7.17.jar;D:\soft\apache-maven-3.9.1\respository\org\mongodb\mongodb-driver-sync\4.6.1\mongodb-driver-sync-4.6.1.jar;D:\soft\apache-maven-3.9.1\respository\org\mongodb\bson\4.6.1\bson-4.6.1.jar;D:\soft\apache-maven-3.9.1\respository\org\mongodb\mongodb-driver-core\4.6.1\mongodb-driver-core-4.6.1.jar;D:\soft\apache-maven-3.9.1\respository\org\mongodb\bson-record-codec\4.6.1\bson-record-codec-4.6.1.jar;D:\soft\apache-maven-3.9.1\respository\org\springframework\data\spring-data-mongodb\3.4.17\spring-data-mongodb-3.4.17.jar;D:\soft\apache-maven-3.9.1\respository\org\springframework\spring-tx\5.3.30\spring-tx-5.3.30.jar;D:\soft\apache-maven-3.9.1\respository\org\springframework\data\spring-data-commons\2.7.17\spring-data-commons-2.7.17.jar;D:\soft\apache-maven-3.9.1\respository\org\projectlombok\lombok\1.18.30\lombok-1.18.30.jar;D:\soft\apache-maven-3.9.1\respository\org\springframework\boot\spring-boot-starter-test\2.7.17\spring-boot-starter-test-2.7.17.jar;D:\soft\apache-maven-3.9.1\respository\org\springframework\boot\spring-boot-test\2.7.17\spring-boot-test-2.7.17.jar;D:\soft\apache-maven-3.9.1\respository\org\springframework\boot\spring-boot-test-autoconfigure\2.7.17\spring-boot-test-autoconfigure-2.7.17.jar;D:\soft\apache-maven-3.9.1\respository\com\jayway\jsonpath\json-path\2.7.0\json-path-2.7.0.jar;D:\soft\apache-maven-3.9.1\respository\net\minidev\json-smart\2.4.11\json-smart-2.4.11.jar;D:\soft\apache-maven-3.9.1\respository\net\minidev\accessors-smart\2.4.11\accessors-smart-2.4.11.jar;D:\soft\apache-maven-3.9.1\respository\org\ow2\asm\asm\9.3\asm-9.3.jar;D:\soft\apache-maven-3.9.1\respository\jakarta\xml\bind\jakarta.xml.bind-api\2.3.3\jakarta.xml.bind-api-2.3.3.jar;D:\soft\apache-maven-3.9.1\respository\jakarta\activation\jakarta.activation-api\1.2.2\jakarta.activation-api-1.2.2.jar;D:\soft\apache-maven-3.9.1\respository\org\assertj\assertj-core\3.22.0\assertj-core-3.22.0.jar;D:\soft\apache-maven-3.9.1\respository\org\hamcrest\hamcrest\2.2\hamcrest-2.2.jar;D:\soft\apache-maven-3.9.1\respository\org\junit\jupiter\junit-jupiter\5.8.2\junit-jupiter-5.8.2.jar;D:\soft\apache-maven-3.9.1\respository\org\junit\jupiter\junit-jupiter-params\5.8.2\junit-jupiter-params-5.8.2.jar;D:\soft\apache-maven-3.9.1\respository\org\junit\jupiter\junit-jupiter-engine\5.8.2\junit-jupiter-engine-5.8.2.jar;D:\soft\apache-maven-3.9.1\respository\org\junit\platform\junit-platform-engine\1.8.2\junit-platform-engine-1.8.2.jar;D:\soft\apache-maven-3.9.1\respository\org\mockito\mockito-core\4.5.1\mockito-core-4.5.1.jar;D:\soft\apache-maven-3.9.1\respository\net\bytebuddy\byte-buddy\1.12.23\byte-buddy-1.12.23.jar;D:\soft\apache-maven-3.9.1\respository\net\bytebuddy\byte-buddy-agent\1.12.23\byte-buddy-agent-1.12.23.jar;D:\soft\apache-maven-3.9.1\respository\org\objenesis\objenesis\3.2\objenesis-3.2.jar;D:\soft\apache-maven-3.9.1\respository\org\mockito\mockito-junit-jupiter\4.5.1\mockito-junit-jupiter-4.5.1.jar;D:\soft\apache-maven-3.9.1\respository\org\skyscreamer\jsonassert\1.5.1\jsonassert-1.5.1.jar;D:\soft\apache-maven-3.9.1\respository\com\vaadin\external\google\android-json\0.0.20131108.vaadin1\android-json-0.0.20131108.vaadin1.jar;D:\soft\apache-maven-3.9.1\respository\org\springframework\spring-core\5.3.30\spring-core-5.3.30.jar;D:\soft\apache-maven-3.9.1\respository\org\springframework\spring-jcl\5.3.30\spring-jcl-5.3.30.jar;D:\soft\apache-maven-3.9.1\respository\org\springframework\spring-test\5.3.30\spring-test-5.3.30.jar;D:\soft\apache-maven-3.9.1\respository\org\xmlunit\xmlunit-core\2.9.1\xmlunit-core-2.9.1.jar;D:\soft\apache-maven-3.9.1\respository\org\springframework\boot\spring-boot-starter-security\3.1.2\spring-boot-starter-security-3.1.2.jar;D:\soft\apache-maven-3.9.1\respository\org\springframework\spring-aop\5.3.30\spring-aop-5.3.30.jar;D:\soft\apache-maven-3.9.1\respository\org\springframework\security\spring-security-config\5.7.11\spring-security-config-5.7.11.jar;D:\soft\apache-maven-3.9.1\respository\org\springframework\security\spring-security-core\5.7.11\spring-security-core-5.7.11.jar;D:\soft\apache-maven-3.9.1\respository\org\springframework\security\spring-security-crypto\5.7.11\spring-security-crypto-5.7.11.jar;D:\soft\apache-maven-3.9.1\respository\org\springframework\security\spring-security-web\5.7.11\spring-security-web-5.7.11.jar;D:\soft\apache-maven-3.9.1\respository\com\mysql\mysql-connector-j\8.1.0\mysql-connector-j-8.1.0.jar;D:\soft\apache-maven-3.9.1\respository\com\baomidou\mybatis-plus-boot-starter\3.5.3.1\mybatis-plus-boot-starter-3.5.3.1.jar;D:\soft\apache-maven-3.9.1\respository\com\baomidou\mybatis-plus\3.5.3.1\mybatis-plus-3.5.3.1.jar;D:\soft\apache-maven-3.9.1\respository\com\baomidou\mybatis-plus-extension\3.5.3.1\mybatis-plus-extension-3.5.3.1.jar;D:\soft\apache-maven-3.9.1\respository\com\baomidou\mybatis-plus-core\3.5.3.1\mybatis-plus-core-3.5.3.1.jar;D:\soft\apache-maven-3.9.1\respository\com\baomidou\mybatis-plus-annotation\3.5.3.1\mybatis-plus-annotation-3.5.3.1.jar;D:\soft\apache-maven-3.9.1\respository\com\github\jsqlparser\jsqlparser\4.4\jsqlparser-4.4.jar;D:\soft\apache-maven-3.9.1\respository\org\springframework\boot\spring-boot-autoconfigure\2.7.17\spring-boot-autoconfigure-2.7.17.jar;D:\soft\apache-maven-3.9.1\respository\org\bytedeco\javacpp\1.5.6\javacpp-1.5.6.jar;D:\soft\apache-maven-3.9.1\respository\org\bytedeco\javacv\1.5.6\javacv-1.5.6.jar;D:\soft\apache-maven-3.9.1\respository\org\bytedeco\openblas\0.3.17-1.5.6\openblas-0.3.17-1.5.6.jar;D:\soft\apache-maven-3.9.1\respository\org\bytedeco\opencv\4.5.3-1.5.6\opencv-4.5.3-1.5.6.jar;D:\soft\apache-maven-3.9.1\respository\org\bytedeco\ffmpeg\4.4-1.5.6\ffmpeg-4.4-1.5.6.jar;D:\soft\apache-maven-3.9.1\respository\org\bytedeco\flycapture\2.13.3.31-1.5.6\flycapture-2.13.3.31-1.5.6.jar;D:\soft\apache-maven-3.9.1\respository\org\bytedeco\libdc1394\2.2.6-1.5.6\libdc1394-2.2.6-1.5.6.jar;D:\soft\apache-maven-3.9.1\respository\org\bytedeco\libfreenect\0.5.7-1.5.6\libfreenect-0.5.7-1.5.6.jar;D:\soft\apache-maven-3.9.1\respository\org\bytedeco\libfreenect2\0.2.0-1.5.6\libfreenect2-0.2.0-1.5.6.jar;D:\soft\apache-maven-3.9.1\respository\org\bytedeco\librealsense\1.12.4-1.5.6\librealsense-1.12.4-1.5.6.jar;D:\soft\apache-maven-3.9.1\respository\org\bytedeco\librealsense2\2.44.0-1.5.6\librealsense2-2.44.0-1.5.6.jar;D:\soft\apache-maven-3.9.1\respository\org\bytedeco\videoinput\0.200-1.5.6\videoinput-0.200-1.5.6.jar;D:\soft\apache-maven-3.9.1\respository\org\bytedeco\artoolkitplus\2.3.1-1.5.6\artoolkitplus-2.3.1-1.5.6.jar;D:\soft\apache-maven-3.9.1\respository\org\bytedeco\flandmark\1.07-1.5.6\flandmark-1.07-1.5.6.jar;D:\soft\apache-maven-3.9.1\respository\org\bytedeco\leptonica\1.81.1-1.5.6\leptonica-1.81.1-1.5.6.jar;D:\soft\apache-maven-3.9.1\respository\org\bytedeco\tesseract\4.1.1-1.5.6\tesseract-4.1.1-1.5.6.jar;D:\soft\apache-maven-3.9.1\respository\org\bytedeco\ffmpeg\4.4-1.5.6\ffmpeg-4.4-1.5.6-linux-x86_64.jar;D:\soft\apache-maven-3.9.1\respository\org\bytedeco\ffmpeg\4.4-1.5.6\ffmpeg-4.4-1.5.6-linux-x86.jar;D:\soft\apache-maven-3.9.1\respository\org\bytedeco\ffmpeg\4.4-1.5.6\ffmpeg-4.4-1.5.6-linux-arm64.jar;D:\soft\apache-maven-3.9.1\respository\org\bytedeco\ffmpeg\4.4-1.5.6\ffmpeg-4.4-1.5.6-linux-armhf.jar;D:\soft\apache-maven-3.9.1\respository\org\bytedeco\ffmpeg\4.4-1.5.6\ffmpeg-4.4-1.5.6-linux-ppc64le.jar;D:\soft\apache-maven-3.9.1\respository\redis\clients\jedis\2.7.3\jedis-2.7.3.jar;D:\soft\apache-maven-3.9.1\respository\org\springframework\boot\spring-boot-starter-data-redis\2.7.17\spring-boot-starter-data-redis-2.7.17.jar;D:\soft\apache-maven-3.9.1\respository\org\springframework\data\spring-data-redis\2.7.17\spring-data-redis-2.7.17.jar;D:\soft\apache-maven-3.9.1\respository\org\springframework\data\spring-data-keyvalue\2.7.17\spring-data-keyvalue-2.7.17.jar;D:\soft\apache-maven-3.9.1\respository\org\springframework\spring-oxm\5.3.30\spring-oxm-5.3.30.jar;D:\soft\apache-maven-3.9.1\respository\org\springframework\spring-context-support\5.3.30\spring-context-support-5.3.30.jar;D:\soft\apache-maven-3.9.1\respository\io\lettuce\lettuce-core\6.1.10.RELEASE\lettuce-core-6.1.10.RELEASE.jar;D:\soft\apache-maven-3.9.1\respository\io\netty\netty-common\4.1.100.Final\netty-common-4.1.100.Final.jar;D:\soft\apache-maven-3.9.1\respository\io\netty\netty-handler\4.1.100.Final\netty-handler-4.1.100.Final.jar;D:\soft\apache-maven-3.9.1\respository\io\netty\netty-resolver\4.1.100.Final\netty-resolver-4.1.100.Final.jar;D:\soft\apache-maven-3.9.1\respository\io\netty\netty-buffer\4.1.100.Final\netty-buffer-4.1.100.Final.jar;D:\soft\apache-maven-3.9.1\respository\io\netty\netty-transport-native-unix-common\4.1.100.Final\netty-transport-native-unix-common-4.1.100.Final.jar;D:\soft\apache-maven-3.9.1\respository\io\netty\netty-codec\4.1.100.Final\netty-codec-4.1.100.Final.jar;D:\soft\apache-maven-3.9.1\respository\io\netty\netty-transport\4.1.100.Final\netty-transport-4.1.100.Final.jar;D:\soft\apache-maven-3.9.1\respository\io\projectreactor\reactor-core\3.4.33\reactor-core-3.4.33.jar;D:\soft\apache-maven-3.9.1\respository\org\reactivestreams\reactive-streams\1.0.4\reactive-streams-1.0.4.jar;D:\soft\apache-maven-3.9.1\respository\org\apache\commons\commons-pool2\2.11.1\commons-pool2-2.11.1.jar;D:\soft\apache-maven-3.9.1\respository\cn\hutool\hutool-all\5.8.1\hutool-all-5.8.1.jar;D:\soft\apache-maven-3.9.1\respository\org\junit\jupiter\junit-jupiter-api\5.10.0\junit-jupiter-api-5.10.0.jar;D:\soft\apache-maven-3.9.1\respository\org\opentest4j\opentest4j\1.3.0\opentest4j-1.3.0.jar;D:\soft\apache-maven-3.9.1\respository\org\junit\platform\junit-platform-commons\1.8.2\junit-platform-commons-1.8.2.jar;D:\soft\apache-maven-3.9.1\respository\org\apiguardian\apiguardian-api\1.1.2\apiguardian-api-1.1.2.jar;D:\soft\apache-maven-3.9.1\respository\io\jsonwebtoken\jjwt-api\0.11.5\jjwt-api-0.11.5.jar;D:\soft\apache-maven-3.9.1\respository\io\jsonwebtoken\jjwt-jackson\0.11.5\jjwt-jackson-0.11.5.jar;D:\soft\apache-maven-3.9.1\respository\com\fasterxml\jackson\core\jackson-databind\2.13.5\jackson-databind-2.13.5.jar;D:\soft\apache-maven-3.9.1\respository\com\fasterxml\jackson\core\jackson-annotations\2.13.5\jackson-annotations-2.13.5.jar;D:\soft\apache-maven-3.9.1\respository\com\fasterxml\jackson\core\jackson-core\2.13.5\jackson-core-2.13.5.jar;D:\soft\apache-maven-3.9.1\respository\io\jsonwebtoken\jjwt-impl\0.11.5\jjwt-impl-0.11.5.jar;D:\soft\apache-maven-3.9.1\respository\org\jetbrains\annotations\16.0.1\annotations-16.0.1.jar;D:\soft\apache-maven-3.9.1\respository\org\mybatis\spring\boot\mybatis-spring-boot-starter\2.0.1\mybatis-spring-boot-starter-2.0.1.jar;D:\soft\apache-maven-3.9.1\respository\org\springframework\boot\spring-boot-starter-jdbc\2.7.17\spring-boot-starter-jdbc-2.7.17.jar;D:\soft\apache-maven-3.9.1\respository\com\zaxxer\HikariCP\4.0.3\HikariCP-4.0.3.jar;D:\soft\apache-maven-3.9.1\respository\org\springframework\spring-jdbc\5.3.30\spring-jdbc-5.3.30.jar;D:\soft\apache-maven-3.9.1\respository\org\mybatis\spring\boot\mybatis-spring-boot-autoconfigure\2.0.1\mybatis-spring-boot-autoconfigure-2.0.1.jar;D:\soft\apache-maven-3.9.1\respository\org\mybatis\mybatis\3.5.1\mybatis-3.5.1.jar;D:\soft\apache-maven-3.9.1\respository\org\mybatis\mybatis-spring\2.0.1\mybatis-spring-2.0.1.jar;D:\soft\apache-maven-3.9.1\respository\com\google\code\gson\gson\2.8.5\gson-2.8.5.jar;D:\soft\apache-maven-3.9.1\respository\com\sun\xml\bind\jaxb-impl\2.2.11\jaxb-impl-2.2.11.jar;D:\soft\apache-maven-3.9.1\respository\com\qiniu\qiniu-java-sdk\7.13.1\qiniu-java-sdk-7.13.1.jar;D:\soft\apache-maven-3.9.1\respository\com\squareup\okhttp3\okhttp\4.9.3\okhttp-4.9.3.jar;D:\soft\apache-maven-3.9.1\respository\com\squareup\okio\okio\2.8.0\okio-2.8.0.jar;D:\soft\apache-maven-3.9.1\respository\org\jetbrains\kotlin\kotlin-stdlib-common\1.6.21\kotlin-stdlib-common-1.6.21.jar;D:\soft\apache-maven-3.9.1\respository\org\jetbrains\kotlin\kotlin-stdlib\1.6.21\kotlin-stdlib-1.6.21.jar;"/>
    <property name="java.vm.vendor" value="Amazon.com Inc."/>
    <property name="sun.arch.data.model" value="64"/>
    <property name="user.variant" value=""/>
    <property name="java.vendor.url" value="https://aws.amazon.com/corretto/"/>
    <property name="user.timezone" value="Asia/Shanghai"/>
    <property name="java.vm.specification.version" value="1.8"/>
    <property name="os.name" value="Windows 11"/>
    <property name="user.country" value="CN"/>
    <property name="sun.java.launcher" value="SUN_STANDARD"/>
    <property name="sun.boot.library.path" value="C:\Users\Colin\.jdks\corretto-1.8.0_392\jre\bin"/>
    <property name="sun.java.command" value="C:\Users\Colin\AppData\Local\Temp\surefire4962066825643242281\surefirebooter6312417315772092986.jar C:\Users\Colin\AppData\Local\Temp\surefire4962066825643242281 2023-11-07T01-32-53_507-jvmRun1 surefire1386526256931156861tmp surefire_073473464957304124tmp"/>
    <property name="surefire.test.class.path" value="D:\code\java\vedio_sharing\backend\target\test-classes;D:\code\java\vedio_sharing\backend\target\classes;D:\soft\apache-maven-3.9.1\respository\org\springframework\boot\spring-boot-starter-thymeleaf\2.7.17\spring-boot-starter-thymeleaf-2.7.17.jar;D:\soft\apache-maven-3.9.1\respository\org\springframework\boot\spring-boot-starter\2.7.17\spring-boot-starter-2.7.17.jar;D:\soft\apache-maven-3.9.1\respository\org\springframework\boot\spring-boot\2.7.17\spring-boot-2.7.17.jar;D:\soft\apache-maven-3.9.1\respository\org\springframework\boot\spring-boot-starter-logging\2.7.17\spring-boot-starter-logging-2.7.17.jar;D:\soft\apache-maven-3.9.1\respository\ch\qos\logback\logback-classic\1.2.12\logback-classic-1.2.12.jar;D:\soft\apache-maven-3.9.1\respository\ch\qos\logback\logback-core\1.2.12\logback-core-1.2.12.jar;D:\soft\apache-maven-3.9.1\respository\org\apache\logging\log4j\log4j-to-slf4j\2.17.2\log4j-to-slf4j-2.17.2.jar;D:\soft\apache-maven-3.9.1\respository\org\apache\logging\log4j\log4j-api\2.17.2\log4j-api-2.17.2.jar;D:\soft\apache-maven-3.9.1\respository\org\slf4j\jul-to-slf4j\1.7.36\jul-to-slf4j-1.7.36.jar;D:\soft\apache-maven-3.9.1\respository\jakarta\annotation\jakarta.annotation-api\1.3.5\jakarta.annotation-api-1.3.5.jar;D:\soft\apache-maven-3.9.1\respository\org\yaml\snakeyaml\1.30\snakeyaml-1.30.jar;D:\soft\apache-maven-3.9.1\respository\org\thymeleaf\thymeleaf-spring5\3.0.15.RELEASE\thymeleaf-spring5-3.0.15.RELEASE.jar;D:\soft\apache-maven-3.9.1\respository\org\thymeleaf\thymeleaf\3.0.15.RELEASE\thymeleaf-3.0.15.RELEASE.jar;D:\soft\apache-maven-3.9.1\respository\org\attoparser\attoparser\2.0.5.RELEASE\attoparser-2.0.5.RELEASE.jar;D:\soft\apache-maven-3.9.1\respository\org\unbescape\unbescape\1.1.6.RELEASE\unbescape-1.1.6.RELEASE.jar;D:\soft\apache-maven-3.9.1\respository\org\slf4j\slf4j-api\1.7.36\slf4j-api-1.7.36.jar;D:\soft\apache-maven-3.9.1\respository\org\thymeleaf\extras\thymeleaf-extras-java8time\3.0.4.RELEASE\thymeleaf-extras-java8time-3.0.4.RELEASE.jar;D:\soft\apache-maven-3.9.1\respository\org\springframework\boot\spring-boot-starter-web\2.7.17\spring-boot-starter-web-2.7.17.jar;D:\soft\apache-maven-3.9.1\respository\org\springframework\boot\spring-boot-starter-json\2.7.17\spring-boot-starter-json-2.7.17.jar;D:\soft\apache-maven-3.9.1\respository\com\fasterxml\jackson\datatype\jackson-datatype-jdk8\2.13.5\jackson-datatype-jdk8-2.13.5.jar;D:\soft\apache-maven-3.9.1\respository\com\fasterxml\jackson\datatype\jackson-datatype-jsr310\2.13.5\jackson-datatype-jsr310-2.13.5.jar;D:\soft\apache-maven-3.9.1\respository\com\fasterxml\jackson\module\jackson-module-parameter-names\2.13.5\jackson-module-parameter-names-2.13.5.jar;D:\soft\apache-maven-3.9.1\respository\org\springframework\boot\spring-boot-starter-tomcat\2.7.17\spring-boot-starter-tomcat-2.7.17.jar;D:\soft\apache-maven-3.9.1\respository\org\apache\tomcat\embed\tomcat-embed-core\9.0.82\tomcat-embed-core-9.0.82.jar;D:\soft\apache-maven-3.9.1\respository\org\apache\tomcat\embed\tomcat-embed-el\9.0.82\tomcat-embed-el-9.0.82.jar;D:\soft\apache-maven-3.9.1\respository\org\apache\tomcat\embed\tomcat-embed-websocket\9.0.82\tomcat-embed-websocket-9.0.82.jar;D:\soft\apache-maven-3.9.1\respository\org\springframework\spring-web\5.3.30\spring-web-5.3.30.jar;D:\soft\apache-maven-3.9.1\respository\org\springframework\spring-beans\5.3.30\spring-beans-5.3.30.jar;D:\soft\apache-maven-3.9.1\respository\org\springframework\spring-webmvc\5.3.30\spring-webmvc-5.3.30.jar;D:\soft\apache-maven-3.9.1\respository\org\springframework\spring-context\5.3.30\spring-context-5.3.30.jar;D:\soft\apache-maven-3.9.1\respository\org\springframework\spring-expression\5.3.30\spring-expression-5.3.30.jar;D:\soft\apache-maven-3.9.1\respository\com\github\ben-manes\caffeine\caffeine\2.9.3\caffeine-2.9.3.jar;D:\soft\apache-maven-3.9.1\respository\org\checkerframework\checker-qual\3.19.0\checker-qual-3.19.0.jar;D:\soft\apache-maven-3.9.1\respository\com\google\errorprone\error_prone_annotations\2.10.0\error_prone_annotations-2.10.0.jar;D:\soft\apache-maven-3.9.1\respository\org\springframework\boot\spring-boot-starter-data-mongodb\2.7.17\spring-boot-starter-data-mongodb-2.7.17.jar;D:\soft\apache-maven-3.9.1\respository\org\mongodb\mongodb-driver-sync\4.6.1\mongodb-driver-sync-4.6.1.jar;D:\soft\apache-maven-3.9.1\respository\org\mongodb\bson\4.6.1\bson-4.6.1.jar;D:\soft\apache-maven-3.9.1\respository\org\mongodb\mongodb-driver-core\4.6.1\mongodb-driver-core-4.6.1.jar;D:\soft\apache-maven-3.9.1\respository\org\mongodb\bson-record-codec\4.6.1\bson-record-codec-4.6.1.jar;D:\soft\apache-maven-3.9.1\respository\org\springframework\data\spring-data-mongodb\3.4.17\spring-data-mongodb-3.4.17.jar;D:\soft\apache-maven-3.9.1\respository\org\springframework\spring-tx\5.3.30\spring-tx-5.3.30.jar;D:\soft\apache-maven-3.9.1\respository\org\springframework\data\spring-data-commons\2.7.17\spring-data-commons-2.7.17.jar;D:\soft\apache-maven-3.9.1\respository\org\projectlombok\lombok\1.18.30\lombok-1.18.30.jar;D:\soft\apache-maven-3.9.1\respository\org\springframework\boot\spring-boot-starter-test\2.7.17\spring-boot-starter-test-2.7.17.jar;D:\soft\apache-maven-3.9.1\respository\org\springframework\boot\spring-boot-test\2.7.17\spring-boot-test-2.7.17.jar;D:\soft\apache-maven-3.9.1\respository\org\springframework\boot\spring-boot-test-autoconfigure\2.7.17\spring-boot-test-autoconfigure-2.7.17.jar;D:\soft\apache-maven-3.9.1\respository\com\jayway\jsonpath\json-path\2.7.0\json-path-2.7.0.jar;D:\soft\apache-maven-3.9.1\respository\net\minidev\json-smart\2.4.11\json-smart-2.4.11.jar;D:\soft\apache-maven-3.9.1\respository\net\minidev\accessors-smart\2.4.11\accessors-smart-2.4.11.jar;D:\soft\apache-maven-3.9.1\respository\org\ow2\asm\asm\9.3\asm-9.3.jar;D:\soft\apache-maven-3.9.1\respository\jakarta\xml\bind\jakarta.xml.bind-api\2.3.3\jakarta.xml.bind-api-2.3.3.jar;D:\soft\apache-maven-3.9.1\respository\jakarta\activation\jakarta.activation-api\1.2.2\jakarta.activation-api-1.2.2.jar;D:\soft\apache-maven-3.9.1\respository\org\assertj\assertj-core\3.22.0\assertj-core-3.22.0.jar;D:\soft\apache-maven-3.9.1\respository\org\hamcrest\hamcrest\2.2\hamcrest-2.2.jar;D:\soft\apache-maven-3.9.1\respository\org\junit\jupiter\junit-jupiter\5.8.2\junit-jupiter-5.8.2.jar;D:\soft\apache-maven-3.9.1\respository\org\junit\jupiter\junit-jupiter-params\5.8.2\junit-jupiter-params-5.8.2.jar;D:\soft\apache-maven-3.9.1\respository\org\junit\jupiter\junit-jupiter-engine\5.8.2\junit-jupiter-engine-5.8.2.jar;D:\soft\apache-maven-3.9.1\respository\org\junit\platform\junit-platform-engine\1.8.2\junit-platform-engine-1.8.2.jar;D:\soft\apache-maven-3.9.1\respository\org\mockito\mockito-core\4.5.1\mockito-core-4.5.1.jar;D:\soft\apache-maven-3.9.1\respository\net\bytebuddy\byte-buddy\1.12.23\byte-buddy-1.12.23.jar;D:\soft\apache-maven-3.9.1\respository\net\bytebuddy\byte-buddy-agent\1.12.23\byte-buddy-agent-1.12.23.jar;D:\soft\apache-maven-3.9.1\respository\org\objenesis\objenesis\3.2\objenesis-3.2.jar;D:\soft\apache-maven-3.9.1\respository\org\mockito\mockito-junit-jupiter\4.5.1\mockito-junit-jupiter-4.5.1.jar;D:\soft\apache-maven-3.9.1\respository\org\skyscreamer\jsonassert\1.5.1\jsonassert-1.5.1.jar;D:\soft\apache-maven-3.9.1\respository\com\vaadin\external\google\android-json\0.0.20131108.vaadin1\android-json-0.0.20131108.vaadin1.jar;D:\soft\apache-maven-3.9.1\respository\org\springframework\spring-core\5.3.30\spring-core-5.3.30.jar;D:\soft\apache-maven-3.9.1\respository\org\springframework\spring-jcl\5.3.30\spring-jcl-5.3.30.jar;D:\soft\apache-maven-3.9.1\respository\org\springframework\spring-test\5.3.30\spring-test-5.3.30.jar;D:\soft\apache-maven-3.9.1\respository\org\xmlunit\xmlunit-core\2.9.1\xmlunit-core-2.9.1.jar;D:\soft\apache-maven-3.9.1\respository\org\springframework\boot\spring-boot-starter-security\3.1.2\spring-boot-starter-security-3.1.2.jar;D:\soft\apache-maven-3.9.1\respository\org\springframework\spring-aop\5.3.30\spring-aop-5.3.30.jar;D:\soft\apache-maven-3.9.1\respository\org\springframework\security\spring-security-config\5.7.11\spring-security-config-5.7.11.jar;D:\soft\apache-maven-3.9.1\respository\org\springframework\security\spring-security-core\5.7.11\spring-security-core-5.7.11.jar;D:\soft\apache-maven-3.9.1\respository\org\springframework\security\spring-security-crypto\5.7.11\spring-security-crypto-5.7.11.jar;D:\soft\apache-maven-3.9.1\respository\org\springframework\security\spring-security-web\5.7.11\spring-security-web-5.7.11.jar;D:\soft\apache-maven-3.9.1\respository\com\mysql\mysql-connector-j\8.1.0\mysql-connector-j-8.1.0.jar;D:\soft\apache-maven-3.9.1\respository\com\baomidou\mybatis-plus-boot-starter\3.5.3.1\mybatis-plus-boot-starter-3.5.3.1.jar;D:\soft\apache-maven-3.9.1\respository\com\baomidou\mybatis-plus\3.5.3.1\mybatis-plus-3.5.3.1.jar;D:\soft\apache-maven-3.9.1\respository\com\baomidou\mybatis-plus-extension\3.5.3.1\mybatis-plus-extension-3.5.3.1.jar;D:\soft\apache-maven-3.9.1\respository\com\baomidou\mybatis-plus-core\3.5.3.1\mybatis-plus-core-3.5.3.1.jar;D:\soft\apache-maven-3.9.1\respository\com\baomidou\mybatis-plus-annotation\3.5.3.1\mybatis-plus-annotation-3.5.3.1.jar;D:\soft\apache-maven-3.9.1\respository\com\github\jsqlparser\jsqlparser\4.4\jsqlparser-4.4.jar;D:\soft\apache-maven-3.9.1\respository\org\springframework\boot\spring-boot-autoconfigure\2.7.17\spring-boot-autoconfigure-2.7.17.jar;D:\soft\apache-maven-3.9.1\respository\org\bytedeco\javacpp\1.5.6\javacpp-1.5.6.jar;D:\soft\apache-maven-3.9.1\respository\org\bytedeco\javacv\1.5.6\javacv-1.5.6.jar;D:\soft\apache-maven-3.9.1\respository\org\bytedeco\openblas\0.3.17-1.5.6\openblas-0.3.17-1.5.6.jar;D:\soft\apache-maven-3.9.1\respository\org\bytedeco\opencv\4.5.3-1.5.6\opencv-4.5.3-1.5.6.jar;D:\soft\apache-maven-3.9.1\respository\org\bytedeco\ffmpeg\4.4-1.5.6\ffmpeg-4.4-1.5.6.jar;D:\soft\apache-maven-3.9.1\respository\org\bytedeco\flycapture\2.13.3.31-1.5.6\flycapture-2.13.3.31-1.5.6.jar;D:\soft\apache-maven-3.9.1\respository\org\bytedeco\libdc1394\2.2.6-1.5.6\libdc1394-2.2.6-1.5.6.jar;D:\soft\apache-maven-3.9.1\respository\org\bytedeco\libfreenect\0.5.7-1.5.6\libfreenect-0.5.7-1.5.6.jar;D:\soft\apache-maven-3.9.1\respository\org\bytedeco\libfreenect2\0.2.0-1.5.6\libfreenect2-0.2.0-1.5.6.jar;D:\soft\apache-maven-3.9.1\respository\org\bytedeco\librealsense\1.12.4-1.5.6\librealsense-1.12.4-1.5.6.jar;D:\soft\apache-maven-3.9.1\respository\org\bytedeco\librealsense2\2.44.0-1.5.6\librealsense2-2.44.0-1.5.6.jar;D:\soft\apache-maven-3.9.1\respository\org\bytedeco\videoinput\0.200-1.5.6\videoinput-0.200-1.5.6.jar;D:\soft\apache-maven-3.9.1\respository\org\bytedeco\artoolkitplus\2.3.1-1.5.6\artoolkitplus-2.3.1-1.5.6.jar;D:\soft\apache-maven-3.9.1\respository\org\bytedeco\flandmark\1.07-1.5.6\flandmark-1.07-1.5.6.jar;D:\soft\apache-maven-3.9.1\respository\org\bytedeco\leptonica\1.81.1-1.5.6\leptonica-1.81.1-1.5.6.jar;D:\soft\apache-maven-3.9.1\respository\org\bytedeco\tesseract\4.1.1-1.5.6\tesseract-4.1.1-1.5.6.jar;D:\soft\apache-maven-3.9.1\respository\org\bytedeco\ffmpeg\4.4-1.5.6\ffmpeg-4.4-1.5.6-linux-x86_64.jar;D:\soft\apache-maven-3.9.1\respository\org\bytedeco\ffmpeg\4.4-1.5.6\ffmpeg-4.4-1.5.6-linux-x86.jar;D:\soft\apache-maven-3.9.1\respository\org\bytedeco\ffmpeg\4.4-1.5.6\ffmpeg-4.4-1.5.6-linux-arm64.jar;D:\soft\apache-maven-3.9.1\respository\org\bytedeco\ffmpeg\4.4-1.5.6\ffmpeg-4.4-1.5.6-linux-armhf.jar;D:\soft\apache-maven-3.9.1\respository\org\bytedeco\ffmpeg\4.4-1.5.6\ffmpeg-4.4-1.5.6-linux-ppc64le.jar;D:\soft\apache-maven-3.9.1\respository\redis\clients\jedis\2.7.3\jedis-2.7.3.jar;D:\soft\apache-maven-3.9.1\respository\org\springframework\boot\spring-boot-starter-data-redis\2.7.17\spring-boot-starter-data-redis-2.7.17.jar;D:\soft\apache-maven-3.9.1\respository\org\springframework\data\spring-data-redis\2.7.17\spring-data-redis-2.7.17.jar;D:\soft\apache-maven-3.9.1\respository\org\springframework\data\spring-data-keyvalue\2.7.17\spring-data-keyvalue-2.7.17.jar;D:\soft\apache-maven-3.9.1\respository\org\springframework\spring-oxm\5.3.30\spring-oxm-5.3.30.jar;D:\soft\apache-maven-3.9.1\respository\org\springframework\spring-context-support\5.3.30\spring-context-support-5.3.30.jar;D:\soft\apache-maven-3.9.1\respository\io\lettuce\lettuce-core\6.1.10.RELEASE\lettuce-core-6.1.10.RELEASE.jar;D:\soft\apache-maven-3.9.1\respository\io\netty\netty-common\4.1.100.Final\netty-common-4.1.100.Final.jar;D:\soft\apache-maven-3.9.1\respository\io\netty\netty-handler\4.1.100.Final\netty-handler-4.1.100.Final.jar;D:\soft\apache-maven-3.9.1\respository\io\netty\netty-resolver\4.1.100.Final\netty-resolver-4.1.100.Final.jar;D:\soft\apache-maven-3.9.1\respository\io\netty\netty-buffer\4.1.100.Final\netty-buffer-4.1.100.Final.jar;D:\soft\apache-maven-3.9.1\respository\io\netty\netty-transport-native-unix-common\4.1.100.Final\netty-transport-native-unix-common-4.1.100.Final.jar;D:\soft\apache-maven-3.9.1\respository\io\netty\netty-codec\4.1.100.Final\netty-codec-4.1.100.Final.jar;D:\soft\apache-maven-3.9.1\respository\io\netty\netty-transport\4.1.100.Final\netty-transport-4.1.100.Final.jar;D:\soft\apache-maven-3.9.1\respository\io\projectreactor\reactor-core\3.4.33\reactor-core-3.4.33.jar;D:\soft\apache-maven-3.9.1\respository\org\reactivestreams\reactive-streams\1.0.4\reactive-streams-1.0.4.jar;D:\soft\apache-maven-3.9.1\respository\org\apache\commons\commons-pool2\2.11.1\commons-pool2-2.11.1.jar;D:\soft\apache-maven-3.9.1\respository\cn\hutool\hutool-all\5.8.1\hutool-all-5.8.1.jar;D:\soft\apache-maven-3.9.1\respository\org\junit\jupiter\junit-jupiter-api\5.10.0\junit-jupiter-api-5.10.0.jar;D:\soft\apache-maven-3.9.1\respository\org\opentest4j\opentest4j\1.3.0\opentest4j-1.3.0.jar;D:\soft\apache-maven-3.9.1\respository\org\junit\platform\junit-platform-commons\1.8.2\junit-platform-commons-1.8.2.jar;D:\soft\apache-maven-3.9.1\respository\org\apiguardian\apiguardian-api\1.1.2\apiguardian-api-1.1.2.jar;D:\soft\apache-maven-3.9.1\respository\io\jsonwebtoken\jjwt-api\0.11.5\jjwt-api-0.11.5.jar;D:\soft\apache-maven-3.9.1\respository\io\jsonwebtoken\jjwt-jackson\0.11.5\jjwt-jackson-0.11.5.jar;D:\soft\apache-maven-3.9.1\respository\com\fasterxml\jackson\core\jackson-databind\2.13.5\jackson-databind-2.13.5.jar;D:\soft\apache-maven-3.9.1\respository\com\fasterxml\jackson\core\jackson-annotations\2.13.5\jackson-annotations-2.13.5.jar;D:\soft\apache-maven-3.9.1\respository\com\fasterxml\jackson\core\jackson-core\2.13.5\jackson-core-2.13.5.jar;D:\soft\apache-maven-3.9.1\respository\io\jsonwebtoken\jjwt-impl\0.11.5\jjwt-impl-0.11.5.jar;D:\soft\apache-maven-3.9.1\respository\org\jetbrains\annotations\16.0.1\annotations-16.0.1.jar;D:\soft\apache-maven-3.9.1\respository\org\mybatis\spring\boot\mybatis-spring-boot-starter\2.0.1\mybatis-spring-boot-starter-2.0.1.jar;D:\soft\apache-maven-3.9.1\respository\org\springframework\boot\spring-boot-starter-jdbc\2.7.17\spring-boot-starter-jdbc-2.7.17.jar;D:\soft\apache-maven-3.9.1\respository\com\zaxxer\HikariCP\4.0.3\HikariCP-4.0.3.jar;D:\soft\apache-maven-3.9.1\respository\org\springframework\spring-jdbc\5.3.30\spring-jdbc-5.3.30.jar;D:\soft\apache-maven-3.9.1\respository\org\mybatis\spring\boot\mybatis-spring-boot-autoconfigure\2.0.1\mybatis-spring-boot-autoconfigure-2.0.1.jar;D:\soft\apache-maven-3.9.1\respository\org\mybatis\mybatis\3.5.1\mybatis-3.5.1.jar;D:\soft\apache-maven-3.9.1\respository\org\mybatis\mybatis-spring\2.0.1\mybatis-spring-2.0.1.jar;D:\soft\apache-maven-3.9.1\respository\com\google\code\gson\gson\2.8.5\gson-2.8.5.jar;D:\soft\apache-maven-3.9.1\respository\com\sun\xml\bind\jaxb-impl\2.2.11\jaxb-impl-2.2.11.jar;D:\soft\apache-maven-3.9.1\respository\com\qiniu\qiniu-java-sdk\7.13.1\qiniu-java-sdk-7.13.1.jar;D:\soft\apache-maven-3.9.1\respository\com\squareup\okhttp3\okhttp\4.9.3\okhttp-4.9.3.jar;D:\soft\apache-maven-3.9.1\respository\com\squareup\okio\okio\2.8.0\okio-2.8.0.jar;D:\soft\apache-maven-3.9.1\respository\org\jetbrains\kotlin\kotlin-stdlib-common\1.6.21\kotlin-stdlib-common-1.6.21.jar;D:\soft\apache-maven-3.9.1\respository\org\jetbrains\kotlin\kotlin-stdlib\1.6.21\kotlin-stdlib-1.6.21.jar;"/>
    <property name="sun.cpu.endian" value="little"/>
    <property name="user.home" value="C:\Users\Colin"/>
    <property name="user.language" value="zh"/>
    <property name="java.specification.vendor" value="Oracle Corporation"/>
    <property name="java.home" value="C:\Users\Colin\.jdks\corretto-1.8.0_392\jre"/>
    <property name="basedir" value="D:\code\java\vedio_sharing\backend"/>
    <property name="file.separator" value="\"/>
    <property name="line.separator" value="&#10;"/>
    <property name="java.vm.specification.vendor" value="Oracle Corporation"/>
    <property name="java.specification.name" value="Java Platform API Specification"/>
    <property name="java.awt.graphicsenv" value="sun.awt.Win32GraphicsEnvironment"/>
    <property name="surefire.real.class.path" value="C:\Users\Colin\AppData\Local\Temp\surefire4962066825643242281\surefirebooter6312417315772092986.jar"/>
    <property name="sun.boot.class.path" value="C:\Users\Colin\.jdks\corretto-1.8.0_392\jre\lib\resources.jar;C:\Users\Colin\.jdks\corretto-1.8.0_392\jre\lib\rt.jar;C:\Users\Colin\.jdks\corretto-1.8.0_392\jre\lib\sunrsasign.jar;C:\Users\Colin\.jdks\corretto-1.8.0_392\jre\lib\jsse.jar;C:\Users\Colin\.jdks\corretto-1.8.0_392\jre\lib\jce.jar;C:\Users\Colin\.jdks\corretto-1.8.0_392\jre\lib\charsets.jar;C:\Users\Colin\.jdks\corretto-1.8.0_392\jre\lib\jfr.jar;C:\Users\Colin\.jdks\corretto-1.8.0_392\jre\classes"/>
    <property name="user.script" value=""/>
    <property name="sun.management.compiler" value="HotSpot 64-Bit Tiered Compilers"/>
    <property name="java.runtime.version" value="1.8.0_392-b08"/>
    <property name="user.name" value="Colin"/>
    <property name="path.separator" value=";"/>
    <property name="os.version" value="10.0"/>
    <property name="java.endorsed.dirs" value="C:\Users\Colin\.jdks\corretto-1.8.0_392\jre\lib\endorsed"/>
    <property name="java.runtime.name" value="OpenJDK Runtime Environment"/>
    <property name="file.encoding" value="GBK"/>
    <property name="java.vm.name" value="OpenJDK 64-Bit Server VM"/>
    <property name="localRepository" value="D:\soft\apache-maven-3.9.1\respository"/>
    <property name="java.vendor.url.bug" value="https://github.com/corretto/corretto-8/issues/"/>
    <property name="java.io.tmpdir" value="C:\Users\Colin\AppData\Local\Temp\"/>
    <property name="idea.version" value="2023.2.3"/>
    <property name="java.version" value="1.8.0_392"/>
    <property name="user.dir" value="D:\code\java\vedio_sharing\backend"/>
    <property name="os.arch" value="amd64"/>
    <property name="java.vm.specification.name" value="Java Virtual Machine Specification"/>
    <property name="java.awt.printerjob" value="sun.awt.windows.WPrinterJob"/>
    <property name="sun.os.patch.level" value=""/>
    <property name="java.library.path" value="C:\Users\Colin\.jdks\corretto-1.8.0_392\jre\bin;C:\WINDOWS\Sun\Java\bin;C:\WINDOWS\system32;C:\WINDOWS;C:\Program Files\NVIDIA GPU Computing Toolkit\CUDA\v11.7\bin;C:\Program Files\NVIDIA GPU Computing Toolkit\CUDA\v11.7\libnvvp;D:\soft\VMware\VMware Workstation\bin\;C:\Windows\system32;C:\Windows;C:\Windows\System32\Wbem;C:\Windows\System32\WindowsPowerShell\v1.0\;C:\Windows\System32\OpenSSH\;C:\Program Files (x86)\NVIDIA Corporation\PhysX\Common;C:\Program Files\NVIDIA Corporation\NVIDIA NvDLISR;C:\Program Files\Bandizip\;D:\soft\Xshell7\;D:\soft\Xftp7\;C:\Program Files\Git\cmd;D:\soft\apache-maven-3.9.1\bin;C:\Program Files\NVIDIA Corporation\Nsight Compute 2022.2.0\;D:\soft\anaconda3\condabin;D:\soft\anaconda3\Scripts;D:\soft\anaconda3;D:\soft\nvm;C:\Program Files\nodejs;D:\soft\MATLAB\bin;C:\WINDOWS\system32;C:\WINDOWS;C:\WINDOWS\System32\Wbem;C:\WINDOWS\System32\WindowsPowerShell\v1.0\;C:\WINDOWS\System32\OpenSSH\;C:\Program Files\Git LFS;C:\Users\Colin\AppData\Local\Microsoft\WindowsApps;D:\soft\JetBrains\DataGrip\DataGrip 2022.3.3\bin;;C:\Users\Colin\AppData\Roaming\npm;D:\soft\JetBrains\Goland\GoLand 2022.3.2\bin;;D:\soft\JetBrains\WebStorm\WebStorm 2022.3.2\bin;;D:\soft\Microsoft VS Code\bin;D:\soft\JetBrains\IntelliJ IDEA\IntelliJ IDEA 2022.3.3\bin;;D:\soft\CLion 2023.1.3\bin;;D:\soft\PyCharm 2023.1.3\bin;;D:\soft\anaconda3;D:\soft\anaconda3\scripts;D:\soft\anaconda3\bin;D:\soft\nvm;C:\Program Files\nodejs;;."/>
    <property name="java.vm.info" value="mixed mode"/>
    <property name="java.vendor" value="Amazon.com Inc."/>
    <property name="java.vm.version" value="25.392-b08"/>
    <property name="java.specification.maintenance.version" value="5"/>
    <property name="java.ext.dirs" value="C:\Users\Colin\.jdks\corretto-1.8.0_392\jre\lib\ext;C:\WINDOWS\Sun\Java\lib\ext"/>
    <property name="sun.io.unicode.encoding" value="UnicodeLittle"/>
    <property name="maven.repo.local" value="D:\soft\apache-maven-3.9.1\respository"/>
    <property name="java.class.version" value="52.0"/>
  </properties>
  <testcase name="testString" classname="com.vediosharing.backend.JedisTest" time="0.266"/>
</testsuite>